  Game.cpp
C:\Users\Jun Soo\source\repos\2DGameEngine\2DGameEngine\src\Systems\MovementSystem.h(19,50): warning C4244: '+=': conversion from 'double' to 'T', possible loss of data
          with
          [
              T=float
          ]
C:\Users\Jun Soo\source\repos\2DGameEngine\2DGameEngine\src\Systems\MovementSystem.h(20,50): warning C4244: '+=': conversion from 'double' to 'T', possible loss of data
          with
          [
              T=float
          ]
C:\Users\Jun Soo\source\repos\2DGameEngine\2DGameEngine\src\Systems\CameraMovementSystem.h(20,38): warning C4244: '=': conversion from 'T' to 'int', possible loss of data
          with
          [
              T=float
          ]
C:\Users\Jun Soo\source\repos\2DGameEngine\2DGameEngine\src\Systems\CameraMovementSystem.h(24,38): warning C4244: '=': conversion from 'T' to 'int', possible loss of data
          with
          [
              T=float
          ]
C:\Users\Jun Soo\source\repos\2DGameEngine\2DGameEngine\src\Systems\ProjectileEmitSystem.h(76,61): warning C4018: '>': signed/unsigned mismatch
C:\Users\Jun Soo\source\repos\2DGameEngine\2DGameEngine\src\Systems\ProjectileLifecycleSystem.h(16,47): warning C4018: '>': signed/unsigned mismatch
C:\Users\Jun Soo\source\repos\2DGameEngine\2DGameEngine\src\Game\Game.cpp(148,35): warning C4244: '=': conversion from 'double' to 'int', possible loss of data
C:\Users\Jun Soo\source\repos\2DGameEngine\2DGameEngine\src\Game\Game.cpp(149,36): warning C4244: '=': conversion from 'double' to 'int', possible loss of data
C:\Users\Jun Soo\source\repos\2DGameEngine\2DGameEngine\src\ECS\ECS.h(99,20): warning C4267: 'return': conversion from 'size_t' to 'int', possible loss of data
C:\Users\Jun Soo\source\repos\2DGameEngine\2DGameEngine\src\ECS\ECS.h(98,7): message : while compiling class template member function 'int Pool<HealthComponent>::GetSize(void) const'
C:\Users\Jun Soo\source\repos\2DGameEngine\2DGameEngine\src\ECS\ECS.h(226,2): message : see the first reference to 'Pool<HealthComponent>::GetSize' in 'Registry::AddComponent'
C:\Program Files\Microsoft Visual Studio\2022\Community\VC\Tools\MSVC\14.36.32532\include\type_traits(334,39): message : see reference to class template instantiation 'Pool<HealthComponent>' being compiled
C:\Program Files\Microsoft Visual Studio\2022\Community\VC\Tools\MSVC\14.36.32532\include\memory(1505): message : see reference to class template instantiation 'std::is_convertible<_Yty *,_Ty *>' being compiled
          with
          [
              _Yty=Pool<HealthComponent>,
              _Ty=IPool
          ]
C:\Users\Jun Soo\source\repos\2DGameEngine\2DGameEngine\src\ECS\ECS.h(211): message : see reference to class template instantiation 'std::_SP_pointer_compatible<Pool<HealthComponent>,IPool>' being compiled
C:\Users\Jun Soo\source\repos\2DGameEngine\2DGameEngine\src\ECS\ECS.h(266,10): message : see reference to function template instantiation 'void Registry::AddComponent<HealthComponent,_Ty>(Entity,_Ty &&)' being compiled
          with
          [
              _Ty=int
          ]
C:\Users\Jun Soo\source\repos\2DGameEngine\2DGameEngine\src\Game\Game.cpp(160,9): message : see reference to function template instantiation 'void Entity::AddComponent<HealthComponent,int>(int &&)' being compiled
  2DGameEngine.vcxproj -> C:\Users\Jun Soo\source\repos\2DGameEngine\x64\Debug\2DGameEngine.exe
